39.0 APEX_CODE,FINEST;APEX_PROFILING,INFO;CALLOUT,INFO;DB,INFO;SYSTEM,DEBUG;VALIDATION,INFO;VISUALFORCE,INFO;WAVE,INFO;WORKFLOW,INFO
22:43:39.0 (403800)|USER_INFO|[EXTERNAL]|00541000002GUQU|jefflombardjr+udemy2@gmail.com|Pacific Standard Time|GMT-08:00
22:43:39.0 (440097)|EXECUTION_STARTED
22:43:39.0 (445465)|CODE_UNIT_STARTED|[EXTERNAL]|aura
22:43:39.0 (736037)|HEAP_ALLOCATE|[72]|Bytes:3
22:43:39.0 (783384)|HEAP_ALLOCATE|[77]|Bytes:152
22:43:39.0 (809123)|HEAP_ALLOCATE|[342]|Bytes:408
22:43:39.0 (843167)|HEAP_ALLOCATE|[355]|Bytes:408
22:43:39.0 (875040)|HEAP_ALLOCATE|[467]|Bytes:48
22:43:39.0 (915393)|HEAP_ALLOCATE|[139]|Bytes:6
22:43:39.0 (953935)|HEAP_ALLOCATE|[EXTERNAL]|Bytes:11
22:43:39.0 (964407)|HEAP_ALLOCATE|[EXTERNAL]|Bytes:11
22:43:39.0 (2030389)|CODE_UNIT_STARTED|[EXTERNAL]|01p4100000Hcsgm|ActiveAccountsApex.getData
22:43:39.0 (2635820)|HEAP_ALLOCATE|[EXTERNAL]|Bytes:3
22:43:39.0 (2655059)|METHOD_ENTRY|[1]|01p4100000Hcsgm|ActiveAccountsApex.ActiveAccountsApex()
22:43:39.0 (2660897)|STATEMENT_EXECUTE|[1]
22:43:39.0 (2668484)|STATEMENT_EXECUTE|[1]
22:43:39.0 (2710643)|HEAP_ALLOCATE|[50]|Bytes:5
22:43:39.0 (2742185)|HEAP_ALLOCATE|[56]|Bytes:5
22:43:39.0 (2761601)|HEAP_ALLOCATE|[64]|Bytes:7
22:43:39.0 (2790914)|SYSTEM_MODE_ENTER|false
22:43:39.0 (2807030)|HEAP_ALLOCATE|[EXTERNAL]|Bytes:5
22:43:39.0 (2818919)|SYSTEM_MODE_EXIT|false
22:43:39.0 (2830129)|METHOD_EXIT|[1]|ActiveAccountsApex
22:43:39.0 (2836834)|HEAP_ALLOCATE|[EXTERNAL]|Bytes:11
22:43:39.0 (2846577)|SYSTEM_MODE_ENTER|false
22:43:39.0 (2858212)|VARIABLE_SCOPE_BEGIN|[7]|text|String|false|false
22:43:39.0 (2885053)|VARIABLE_ASSIGNMENT|[7]|text|"Action Text"
22:43:39.0 (2901550)|HEAP_ALLOCATE|[8]|Bytes:5
22:43:39.0 (2907671)|STATEMENT_EXECUTE|[7]
22:43:39.0 (2910346)|STATEMENT_EXECUTE|[8]
22:43:39.0 (2915118)|HEAP_ALLOCATE|[8]|Bytes:4
22:43:39.0 (2922309)|VARIABLE_SCOPE_BEGIN|[8]|secondText|String|false|false
22:43:39.0 (2932722)|VARIABLE_ASSIGNMENT|[8]|secondText|"Apex"
22:43:39.0 (2936281)|STATEMENT_EXECUTE|[10]
22:43:39.0 (2953565)|HEAP_ALLOCATE|[10]|Bytes:15
22:43:39.0 (2968962)|SYSTEM_MODE_EXIT|false
22:43:39.2 (2998464)|CUMULATIVE_LIMIT_USAGE
22:43:39.2 (2998464)|LIMIT_USAGE_FOR_NS|(default)|
  Number of SOQL queries: 0 out of 100
  Number of query rows: 0 out of 50000
  Number of SOSL queries: 0 out of 20
  Number of DML statements: 0 out of 150
  Number of DML rows: 0 out of 10000
  Maximum CPU time: 0 out of 10000
  Maximum heap size: 0 out of 6000000
  Number of callouts: 0 out of 100
  Number of Email Invocations: 0 out of 10
  Number of future calls: 0 out of 50
  Number of queueable jobs added to the queue: 0 out of 50
  Number of Mobile Apex push calls: 0 out of 10

22:43:39.2 (2998464)|CUMULATIVE_LIMIT_USAGE_END

22:43:39.0 (3042082)|CODE_UNIT_FINISHED|ActiveAccountsApex.getData
