39.0 APEX_CODE,FINEST;APEX_PROFILING,INFO;CALLOUT,INFO;DB,INFO;SYSTEM,DEBUG;VALIDATION,INFO;VISUALFORCE,INFO;WAVE,INFO;WORKFLOW,INFO
21:17:15.1 (1928165)|USER_INFO|[EXTERNAL]|00541000002GUQU|jefflombardjr+udemy2@gmail.com|Pacific Standard Time|GMT-08:00
21:17:15.1 (1966331)|EXECUTION_STARTED
21:17:15.1 (1971203)|CODE_UNIT_STARTED|[EXTERNAL]|aura
21:17:15.1 (2286558)|HEAP_ALLOCATE|[72]|Bytes:3
21:17:15.1 (2342998)|HEAP_ALLOCATE|[77]|Bytes:152
21:17:15.1 (2371318)|HEAP_ALLOCATE|[342]|Bytes:408
21:17:15.1 (2401096)|HEAP_ALLOCATE|[355]|Bytes:408
21:17:15.1 (2418463)|HEAP_ALLOCATE|[467]|Bytes:48
21:17:15.1 (2459717)|HEAP_ALLOCATE|[139]|Bytes:6
21:17:15.1 (2486913)|HEAP_ALLOCATE|[EXTERNAL]|Bytes:4
21:17:15.1 (2494495)|HEAP_ALLOCATE|[EXTERNAL]|Bytes:4
21:17:15.1 (4250259)|CODE_UNIT_STARTED|[EXTERNAL]|01p4100000Hcrcj|getAccounts.getData
21:17:15.1 (4971275)|HEAP_ALLOCATE|[EXTERNAL]|Bytes:3
21:17:15.1 (4991355)|METHOD_ENTRY|[1]|01p4100000Hcrcj|getAccounts.getAccounts()
21:17:15.1 (4998780)|STATEMENT_EXECUTE|[1]
21:17:15.1 (5005663)|STATEMENT_EXECUTE|[1]
21:17:15.1 (5068495)|HEAP_ALLOCATE|[50]|Bytes:5
21:17:15.1 (5103095)|HEAP_ALLOCATE|[56]|Bytes:5
21:17:15.1 (5116609)|HEAP_ALLOCATE|[64]|Bytes:7
21:17:15.1 (5141635)|SYSTEM_MODE_ENTER|false
21:17:15.1 (5157333)|HEAP_ALLOCATE|[EXTERNAL]|Bytes:5
21:17:15.1 (5163538)|SYSTEM_MODE_EXIT|false
21:17:15.1 (5171468)|METHOD_EXIT|[1]|getAccounts
21:17:15.1 (5182134)|HEAP_ALLOCATE|[EXTERNAL]|Bytes:4
21:17:15.1 (5189305)|SYSTEM_MODE_ENTER|false
21:17:15.1 (5197811)|VARIABLE_SCOPE_BEGIN|[7]|test|String|false|false
21:17:15.1 (5236814)|VARIABLE_ASSIGNMENT|[7]|test|"test"
21:17:15.1 (5254244)|HEAP_ALLOCATE|[8]|Bytes:5
21:17:15.1 (5260170)|STATEMENT_EXECUTE|[7]
21:17:15.1 (5262065)|STATEMENT_EXECUTE|[8]
21:17:15.1 (5271874)|SYSTEM_MODE_EXIT|false
21:17:15.5 (5314916)|CUMULATIVE_LIMIT_USAGE
21:17:15.5 (5314916)|LIMIT_USAGE_FOR_NS|(default)|
  Number of SOQL queries: 0 out of 100
  Number of query rows: 0 out of 50000
  Number of SOSL queries: 0 out of 20
  Number of DML statements: 0 out of 150
  Number of DML rows: 0 out of 10000
  Maximum CPU time: 0 out of 10000
  Maximum heap size: 0 out of 6000000
  Number of callouts: 0 out of 100
  Number of Email Invocations: 0 out of 10
  Number of future calls: 0 out of 50
  Number of queueable jobs added to the queue: 0 out of 50
  Number of Mobile Apex push calls: 0 out of 10

21:17:15.5 (5314916)|CUMULATIVE_LIMIT_USAGE_END

21:17:15.1 (5367224)|CODE_UNIT_FINISHED|getAccounts.getData
