39.0 APEX_CODE,FINEST;APEX_PROFILING,INFO;CALLOUT,INFO;DB,INFO;SYSTEM,DEBUG;VALIDATION,INFO;VISUALFORCE,INFO;WAVE,INFO;WORKFLOW,INFO
21:27:08.0 (444585)|USER_INFO|[EXTERNAL]|00541000002GUQU|jefflombardjr+udemy2@gmail.com|Pacific Standard Time|GMT-08:00
21:27:08.0 (475185)|EXECUTION_STARTED
21:27:08.0 (479912)|CODE_UNIT_STARTED|[EXTERNAL]|aura
21:27:08.0 (839546)|HEAP_ALLOCATE|[72]|Bytes:3
21:27:08.0 (892504)|HEAP_ALLOCATE|[77]|Bytes:152
21:27:08.0 (910033)|HEAP_ALLOCATE|[342]|Bytes:408
21:27:08.0 (927390)|HEAP_ALLOCATE|[355]|Bytes:408
21:27:08.0 (942037)|HEAP_ALLOCATE|[467]|Bytes:48
21:27:08.0 (970763)|HEAP_ALLOCATE|[139]|Bytes:6
21:27:08.0 (995638)|HEAP_ALLOCATE|[EXTERNAL]|Bytes:4
21:27:08.0 (1003865)|HEAP_ALLOCATE|[EXTERNAL]|Bytes:4
21:27:08.0 (2395358)|CODE_UNIT_STARTED|[EXTERNAL]|01p4100000Hcrcj|getAccounts.getData
21:27:08.0 (3077198)|HEAP_ALLOCATE|[EXTERNAL]|Bytes:3
21:27:08.0 (3092501)|METHOD_ENTRY|[1]|01p4100000Hcrcj|getAccounts.getAccounts()
21:27:08.0 (3098028)|STATEMENT_EXECUTE|[1]
21:27:08.0 (3103622)|STATEMENT_EXECUTE|[1]
21:27:08.0 (3140121)|HEAP_ALLOCATE|[50]|Bytes:5
21:27:08.0 (3169323)|HEAP_ALLOCATE|[56]|Bytes:5
21:27:08.0 (3177275)|HEAP_ALLOCATE|[64]|Bytes:7
21:27:08.0 (3200766)|SYSTEM_MODE_ENTER|false
21:27:08.0 (3219661)|HEAP_ALLOCATE|[EXTERNAL]|Bytes:5
21:27:08.0 (3228788)|SYSTEM_MODE_EXIT|false
21:27:08.0 (3237223)|METHOD_EXIT|[1]|getAccounts
21:27:08.0 (3241002)|HEAP_ALLOCATE|[EXTERNAL]|Bytes:4
21:27:08.0 (3246862)|SYSTEM_MODE_ENTER|false
21:27:08.0 (3255243)|VARIABLE_SCOPE_BEGIN|[7]|test|String|false|false
21:27:08.0 (3278597)|VARIABLE_ASSIGNMENT|[7]|test|"test"
21:27:08.0 (3291499)|HEAP_ALLOCATE|[8]|Bytes:5
21:27:08.0 (3295256)|STATEMENT_EXECUTE|[7]
21:27:08.0 (3296507)|STATEMENT_EXECUTE|[8]
21:27:08.0 (3300031)|HEAP_ALLOCATE|[8]|Bytes:5
21:27:08.0 (3304183)|VARIABLE_SCOPE_BEGIN|[8]|lastname|String|false|false
21:27:08.0 (3310183)|VARIABLE_ASSIGNMENT|[8]|lastname|"Kohli"
21:27:08.0 (3312266)|STATEMENT_EXECUTE|[9]
21:27:08.0 (3327856)|HEAP_ALLOCATE|[9]|Bytes:9
21:27:08.0 (3336774)|SYSTEM_MODE_EXIT|false
21:27:08.3 (3364195)|CUMULATIVE_LIMIT_USAGE
21:27:08.3 (3364195)|LIMIT_USAGE_FOR_NS|(default)|
  Number of SOQL queries: 0 out of 100
  Number of query rows: 0 out of 50000
  Number of SOSL queries: 0 out of 20
  Number of DML statements: 0 out of 150
  Number of DML rows: 0 out of 10000
  Maximum CPU time: 0 out of 10000
  Maximum heap size: 0 out of 6000000
  Number of callouts: 0 out of 100
  Number of Email Invocations: 0 out of 10
  Number of future calls: 0 out of 50
  Number of queueable jobs added to the queue: 0 out of 50
  Number of Mobile Apex push calls: 0 out of 10

21:27:08.3 (3364195)|CUMULATIVE_LIMIT_USAGE_END

21:27:08.0 (3400131)|CODE_UNIT_FINISHED|getAccounts.getData
