39.0 APEX_CODE,FINEST;APEX_PROFILING,INFO;CALLOUT,INFO;DB,INFO;SYSTEM,DEBUG;VALIDATION,INFO;VISUALFORCE,INFO;WAVE,INFO;WORKFLOW,INFO
21:24:31.0 (401488)|USER_INFO|[EXTERNAL]|00541000002GUQU|jefflombardjr+udemy2@gmail.com|Pacific Standard Time|GMT-08:00
21:24:31.0 (441497)|EXECUTION_STARTED
21:24:31.0 (447011)|CODE_UNIT_STARTED|[EXTERNAL]|aura
21:24:31.0 (849498)|HEAP_ALLOCATE|[72]|Bytes:3
21:24:31.0 (909828)|HEAP_ALLOCATE|[77]|Bytes:152
21:24:31.0 (930728)|HEAP_ALLOCATE|[342]|Bytes:408
21:24:31.0 (950661)|HEAP_ALLOCATE|[355]|Bytes:408
21:24:31.0 (968900)|HEAP_ALLOCATE|[467]|Bytes:48
21:24:31.0 (1000594)|HEAP_ALLOCATE|[139]|Bytes:6
21:24:31.0 (1033555)|HEAP_ALLOCATE|[EXTERNAL]|Bytes:4
21:24:31.0 (1042111)|HEAP_ALLOCATE|[EXTERNAL]|Bytes:4
21:24:31.0 (2287041)|CODE_UNIT_STARTED|[EXTERNAL]|01p4100000Hcrcj|getAccounts.getData
21:24:31.0 (2937358)|HEAP_ALLOCATE|[EXTERNAL]|Bytes:3
21:24:31.0 (2954167)|METHOD_ENTRY|[1]|01p4100000Hcrcj|getAccounts.getAccounts()
21:24:31.0 (2958730)|STATEMENT_EXECUTE|[1]
21:24:31.0 (2968138)|STATEMENT_EXECUTE|[1]
21:24:31.0 (3008364)|HEAP_ALLOCATE|[50]|Bytes:5
21:24:31.0 (3045641)|HEAP_ALLOCATE|[56]|Bytes:5
21:24:31.0 (3056037)|HEAP_ALLOCATE|[64]|Bytes:7
21:24:31.0 (3076978)|SYSTEM_MODE_ENTER|false
21:24:31.0 (3102074)|HEAP_ALLOCATE|[EXTERNAL]|Bytes:5
21:24:31.0 (3109759)|SYSTEM_MODE_EXIT|false
21:24:31.0 (3118121)|METHOD_EXIT|[1]|getAccounts
21:24:31.0 (3122288)|HEAP_ALLOCATE|[EXTERNAL]|Bytes:4
21:24:31.0 (3128184)|SYSTEM_MODE_ENTER|false
21:24:31.0 (3136883)|VARIABLE_SCOPE_BEGIN|[7]|test|String|false|false
21:24:31.0 (3161354)|VARIABLE_ASSIGNMENT|[7]|test|"test"
21:24:31.0 (3176355)|HEAP_ALLOCATE|[8]|Bytes:5
21:24:31.0 (3180199)|STATEMENT_EXECUTE|[7]
21:24:31.0 (3181789)|STATEMENT_EXECUTE|[8]
21:24:31.0 (3189594)|SYSTEM_MODE_EXIT|false
21:24:31.3 (3212702)|CUMULATIVE_LIMIT_USAGE
21:24:31.3 (3212702)|LIMIT_USAGE_FOR_NS|(default)|
  Number of SOQL queries: 0 out of 100
  Number of query rows: 0 out of 50000
  Number of SOSL queries: 0 out of 20
  Number of DML statements: 0 out of 150
  Number of DML rows: 0 out of 10000
  Maximum CPU time: 0 out of 10000
  Maximum heap size: 0 out of 6000000
  Number of callouts: 0 out of 100
  Number of Email Invocations: 0 out of 10
  Number of future calls: 0 out of 50
  Number of queueable jobs added to the queue: 0 out of 50
  Number of Mobile Apex push calls: 0 out of 10

21:24:31.3 (3212702)|CUMULATIVE_LIMIT_USAGE_END

21:24:31.0 (3250288)|CODE_UNIT_FINISHED|getAccounts.getData
