39.0 APEX_CODE,FINEST;APEX_PROFILING,INFO;CALLOUT,INFO;DB,INFO;SYSTEM,DEBUG;VALIDATION,INFO;VISUALFORCE,INFO;WAVE,INFO;WORKFLOW,INFO
21:17:28.0 (404740)|USER_INFO|[EXTERNAL]|00541000002GUQU|jefflombardjr+udemy2@gmail.com|Pacific Standard Time|GMT-08:00
21:17:28.0 (439312)|EXECUTION_STARTED
21:17:28.0 (443782)|CODE_UNIT_STARTED|[EXTERNAL]|aura
21:17:28.0 (797089)|HEAP_ALLOCATE|[72]|Bytes:3
21:17:28.0 (842057)|HEAP_ALLOCATE|[77]|Bytes:152
21:17:28.0 (858501)|HEAP_ALLOCATE|[342]|Bytes:408
21:17:28.0 (877665)|HEAP_ALLOCATE|[355]|Bytes:408
21:17:28.0 (895791)|HEAP_ALLOCATE|[467]|Bytes:48
21:17:28.0 (924469)|HEAP_ALLOCATE|[139]|Bytes:6
21:17:28.0 (950206)|HEAP_ALLOCATE|[EXTERNAL]|Bytes:4
21:17:28.0 (958677)|HEAP_ALLOCATE|[EXTERNAL]|Bytes:4
21:17:28.0 (2188488)|CODE_UNIT_STARTED|[EXTERNAL]|01p4100000Hcrcj|getAccounts.getData
21:17:28.0 (2857356)|HEAP_ALLOCATE|[EXTERNAL]|Bytes:3
21:17:28.0 (2871431)|METHOD_ENTRY|[1]|01p4100000Hcrcj|getAccounts.getAccounts()
21:17:28.0 (2875766)|STATEMENT_EXECUTE|[1]
21:17:28.0 (2882525)|STATEMENT_EXECUTE|[1]
21:17:28.0 (2915506)|HEAP_ALLOCATE|[50]|Bytes:5
21:17:28.0 (2943653)|HEAP_ALLOCATE|[56]|Bytes:5
21:17:28.0 (2952773)|HEAP_ALLOCATE|[64]|Bytes:7
21:17:28.0 (2971459)|SYSTEM_MODE_ENTER|false
21:17:28.0 (2986810)|HEAP_ALLOCATE|[EXTERNAL]|Bytes:5
21:17:28.0 (2994466)|SYSTEM_MODE_EXIT|false
21:17:28.0 (3003207)|METHOD_EXIT|[1]|getAccounts
21:17:28.0 (3008058)|HEAP_ALLOCATE|[EXTERNAL]|Bytes:4
21:17:28.0 (3012192)|SYSTEM_MODE_ENTER|false
21:17:28.0 (3020758)|VARIABLE_SCOPE_BEGIN|[7]|test|String|false|false
21:17:28.0 (3048885)|VARIABLE_ASSIGNMENT|[7]|test|"test"
21:17:28.0 (3060709)|HEAP_ALLOCATE|[8]|Bytes:5
21:17:28.0 (3064120)|STATEMENT_EXECUTE|[7]
21:17:28.0 (3065485)|STATEMENT_EXECUTE|[8]
21:17:28.0 (3071601)|SYSTEM_MODE_EXIT|false
21:17:28.3 (3098470)|CUMULATIVE_LIMIT_USAGE
21:17:28.3 (3098470)|LIMIT_USAGE_FOR_NS|(default)|
  Number of SOQL queries: 0 out of 100
  Number of query rows: 0 out of 50000
  Number of SOSL queries: 0 out of 20
  Number of DML statements: 0 out of 150
  Number of DML rows: 0 out of 10000
  Maximum CPU time: 0 out of 10000
  Maximum heap size: 0 out of 6000000
  Number of callouts: 0 out of 100
  Number of Email Invocations: 0 out of 10
  Number of future calls: 0 out of 50
  Number of queueable jobs added to the queue: 0 out of 50
  Number of Mobile Apex push calls: 0 out of 10

21:17:28.3 (3098470)|CUMULATIVE_LIMIT_USAGE_END

21:17:28.0 (3134352)|CODE_UNIT_FINISHED|getAccounts.getData
