39.0 APEX_CODE,FINEST;APEX_PROFILING,INFO;CALLOUT,INFO;DB,INFO;SYSTEM,DEBUG;VALIDATION,INFO;VISUALFORCE,INFO;WAVE,INFO;WORKFLOW,INFO
21:26:55.0 (350694)|USER_INFO|[EXTERNAL]|00541000002GUQU|jefflombardjr+udemy2@gmail.com|Pacific Standard Time|GMT-08:00
21:26:55.0 (377679)|EXECUTION_STARTED
21:26:55.0 (383522)|CODE_UNIT_STARTED|[EXTERNAL]|aura
21:26:55.0 (725747)|HEAP_ALLOCATE|[72]|Bytes:3
21:26:55.0 (776906)|HEAP_ALLOCATE|[77]|Bytes:152
21:26:55.0 (794858)|HEAP_ALLOCATE|[342]|Bytes:408
21:26:55.0 (814951)|HEAP_ALLOCATE|[355]|Bytes:408
21:26:55.0 (833492)|HEAP_ALLOCATE|[467]|Bytes:48
21:26:55.0 (863468)|HEAP_ALLOCATE|[139]|Bytes:6
21:26:55.0 (889028)|HEAP_ALLOCATE|[EXTERNAL]|Bytes:4
21:26:55.0 (899556)|HEAP_ALLOCATE|[EXTERNAL]|Bytes:4
21:26:55.0 (1926821)|CODE_UNIT_STARTED|[EXTERNAL]|01p4100000Hcrcj|getAccounts.getData
21:26:55.0 (2578302)|HEAP_ALLOCATE|[EXTERNAL]|Bytes:3
21:26:55.0 (2593050)|METHOD_ENTRY|[1]|01p4100000Hcrcj|getAccounts.getAccounts()
21:26:55.0 (2597743)|STATEMENT_EXECUTE|[1]
21:26:55.0 (2603911)|STATEMENT_EXECUTE|[1]
21:26:55.0 (2640786)|HEAP_ALLOCATE|[50]|Bytes:5
21:26:55.0 (2669595)|HEAP_ALLOCATE|[56]|Bytes:5
21:26:55.0 (2679290)|HEAP_ALLOCATE|[64]|Bytes:7
21:26:55.0 (2700250)|SYSTEM_MODE_ENTER|false
21:26:55.0 (2719036)|HEAP_ALLOCATE|[EXTERNAL]|Bytes:5
21:26:55.0 (2727400)|SYSTEM_MODE_EXIT|false
21:26:55.0 (2735420)|METHOD_EXIT|[1]|getAccounts
21:26:55.0 (2739469)|HEAP_ALLOCATE|[EXTERNAL]|Bytes:4
21:26:55.0 (2744514)|SYSTEM_MODE_ENTER|false
21:26:55.0 (2753031)|VARIABLE_SCOPE_BEGIN|[7]|test|String|false|false
21:26:55.0 (2771107)|VARIABLE_ASSIGNMENT|[7]|test|"test"
21:26:55.0 (2783932)|HEAP_ALLOCATE|[8]|Bytes:5
21:26:55.0 (2787698)|STATEMENT_EXECUTE|[7]
21:26:55.0 (2788980)|STATEMENT_EXECUTE|[8]
21:26:55.0 (2792558)|HEAP_ALLOCATE|[8]|Bytes:5
21:26:55.0 (2797287)|VARIABLE_SCOPE_BEGIN|[8]|lastname|String|false|false
21:26:55.0 (2803058)|VARIABLE_ASSIGNMENT|[8]|lastname|"Kohli"
21:26:55.0 (2805136)|STATEMENT_EXECUTE|[9]
21:26:55.0 (2812088)|SYSTEM_MODE_EXIT|false
21:26:55.2 (2836411)|CUMULATIVE_LIMIT_USAGE
21:26:55.2 (2836411)|LIMIT_USAGE_FOR_NS|(default)|
  Number of SOQL queries: 0 out of 100
  Number of query rows: 0 out of 50000
  Number of SOSL queries: 0 out of 20
  Number of DML statements: 0 out of 150
  Number of DML rows: 0 out of 10000
  Maximum CPU time: 0 out of 10000
  Maximum heap size: 0 out of 6000000
  Number of callouts: 0 out of 100
  Number of Email Invocations: 0 out of 10
  Number of future calls: 0 out of 50
  Number of queueable jobs added to the queue: 0 out of 50
  Number of Mobile Apex push calls: 0 out of 10

21:26:55.2 (2836411)|CUMULATIVE_LIMIT_USAGE_END

21:26:55.0 (2872529)|CODE_UNIT_FINISHED|getAccounts.getData
