39.0 APEX_CODE,FINEST;APEX_PROFILING,INFO;CALLOUT,INFO;DB,INFO;SYSTEM,DEBUG;VALIDATION,INFO;VISUALFORCE,INFO;WAVE,INFO;WORKFLOW,INFO
21:24:11.0 (395297)|USER_INFO|[EXTERNAL]|00541000002GUQU|jefflombardjr+udemy2@gmail.com|Pacific Standard Time|GMT-08:00
21:24:11.0 (427641)|EXECUTION_STARTED
21:24:11.0 (431617)|CODE_UNIT_STARTED|[EXTERNAL]|aura
21:24:11.0 (688828)|HEAP_ALLOCATE|[72]|Bytes:3
21:24:11.0 (722403)|HEAP_ALLOCATE|[77]|Bytes:152
21:24:11.0 (737696)|HEAP_ALLOCATE|[342]|Bytes:408
21:24:11.0 (756508)|HEAP_ALLOCATE|[355]|Bytes:408
21:24:11.0 (774195)|HEAP_ALLOCATE|[467]|Bytes:48
21:24:11.0 (797369)|HEAP_ALLOCATE|[139]|Bytes:6
21:24:11.0 (819020)|HEAP_ALLOCATE|[EXTERNAL]|Bytes:4
21:24:11.0 (824457)|HEAP_ALLOCATE|[EXTERNAL]|Bytes:4
21:24:11.0 (2783000)|CODE_UNIT_STARTED|[EXTERNAL]|01p4100000Hcrcj|getAccounts.getData
21:24:11.0 (3335310)|HEAP_ALLOCATE|[EXTERNAL]|Bytes:3
21:24:11.0 (3349319)|METHOD_ENTRY|[1]|01p4100000Hcrcj|getAccounts.getAccounts()
21:24:11.0 (3353320)|STATEMENT_EXECUTE|[1]
21:24:11.0 (3358221)|STATEMENT_EXECUTE|[1]
21:24:11.0 (3391750)|HEAP_ALLOCATE|[50]|Bytes:5
21:24:11.0 (3419750)|HEAP_ALLOCATE|[56]|Bytes:5
21:24:11.0 (3429994)|HEAP_ALLOCATE|[64]|Bytes:7
21:24:11.0 (3449309)|SYSTEM_MODE_ENTER|false
21:24:11.0 (3460813)|HEAP_ALLOCATE|[EXTERNAL]|Bytes:5
21:24:11.0 (3466656)|SYSTEM_MODE_EXIT|false
21:24:11.0 (3473439)|METHOD_EXIT|[1]|getAccounts
21:24:11.0 (3476989)|HEAP_ALLOCATE|[EXTERNAL]|Bytes:4
21:24:11.0 (3482891)|SYSTEM_MODE_ENTER|false
21:24:11.0 (3491416)|VARIABLE_SCOPE_BEGIN|[7]|test|String|false|false
21:24:11.0 (3509351)|VARIABLE_ASSIGNMENT|[7]|test|"test"
21:24:11.0 (3520093)|HEAP_ALLOCATE|[8]|Bytes:5
21:24:11.0 (3523718)|STATEMENT_EXECUTE|[7]
21:24:11.0 (3525109)|STATEMENT_EXECUTE|[8]
21:24:11.0 (3531283)|SYSTEM_MODE_EXIT|false
21:24:11.3 (3549757)|CUMULATIVE_LIMIT_USAGE
21:24:11.3 (3549757)|LIMIT_USAGE_FOR_NS|(default)|
  Number of SOQL queries: 0 out of 100
  Number of query rows: 0 out of 50000
  Number of SOSL queries: 0 out of 20
  Number of DML statements: 0 out of 150
  Number of DML rows: 0 out of 10000
  Maximum CPU time: 0 out of 10000
  Maximum heap size: 0 out of 6000000
  Number of callouts: 0 out of 100
  Number of Email Invocations: 0 out of 10
  Number of future calls: 0 out of 50
  Number of queueable jobs added to the queue: 0 out of 50
  Number of Mobile Apex push calls: 0 out of 10

21:24:11.3 (3549757)|CUMULATIVE_LIMIT_USAGE_END

21:24:11.0 (3581377)|CODE_UNIT_FINISHED|getAccounts.getData
