39.0 APEX_CODE,FINEST;APEX_PROFILING,INFO;CALLOUT,INFO;DB,INFO;SYSTEM,DEBUG;VALIDATION,INFO;VISUALFORCE,INFO;WAVE,INFO;WORKFLOW,INFO
22:43:49.0 (483071)|USER_INFO|[EXTERNAL]|00541000002GUQU|jefflombardjr+udemy2@gmail.com|Pacific Standard Time|GMT-08:00
22:43:49.0 (520523)|EXECUTION_STARTED
22:43:49.0 (525867)|CODE_UNIT_STARTED|[EXTERNAL]|aura
22:43:49.0 (877307)|HEAP_ALLOCATE|[72]|Bytes:3
22:43:49.0 (933514)|HEAP_ALLOCATE|[77]|Bytes:152
22:43:49.0 (951978)|HEAP_ALLOCATE|[342]|Bytes:408
22:43:49.0 (973652)|HEAP_ALLOCATE|[355]|Bytes:408
22:43:49.0 (992505)|HEAP_ALLOCATE|[467]|Bytes:48
22:43:49.0 (1021121)|HEAP_ALLOCATE|[139]|Bytes:6
22:43:49.0 (1047679)|HEAP_ALLOCATE|[EXTERNAL]|Bytes:11
22:43:49.0 (1054687)|HEAP_ALLOCATE|[EXTERNAL]|Bytes:11
22:43:49.0 (2324610)|CODE_UNIT_STARTED|[EXTERNAL]|01p4100000Hcsgm|ActiveAccountsApex.getData
22:43:49.0 (3151405)|HEAP_ALLOCATE|[EXTERNAL]|Bytes:3
22:43:49.0 (3170460)|METHOD_ENTRY|[1]|01p4100000Hcsgm|ActiveAccountsApex.ActiveAccountsApex()
22:43:49.0 (3175994)|STATEMENT_EXECUTE|[1]
22:43:49.0 (3182321)|STATEMENT_EXECUTE|[1]
22:43:49.0 (3223462)|HEAP_ALLOCATE|[50]|Bytes:5
22:43:49.0 (3274353)|HEAP_ALLOCATE|[56]|Bytes:5
22:43:49.0 (3284777)|HEAP_ALLOCATE|[64]|Bytes:7
22:43:49.0 (3311361)|SYSTEM_MODE_ENTER|false
22:43:49.0 (3323651)|HEAP_ALLOCATE|[EXTERNAL]|Bytes:5
22:43:49.0 (3331101)|SYSTEM_MODE_EXIT|false
22:43:49.0 (3338861)|METHOD_EXIT|[1]|ActiveAccountsApex
22:43:49.0 (3343894)|HEAP_ALLOCATE|[EXTERNAL]|Bytes:11
22:43:49.0 (3349625)|SYSTEM_MODE_ENTER|false
22:43:49.0 (3357607)|VARIABLE_SCOPE_BEGIN|[7]|text|String|false|false
22:43:49.0 (3380599)|VARIABLE_ASSIGNMENT|[7]|text|"Action Text"
22:43:49.0 (3393769)|HEAP_ALLOCATE|[8]|Bytes:5
22:43:49.0 (3397504)|STATEMENT_EXECUTE|[7]
22:43:49.0 (3399099)|STATEMENT_EXECUTE|[8]
22:43:49.0 (3401649)|HEAP_ALLOCATE|[8]|Bytes:4
22:43:49.0 (3406080)|VARIABLE_SCOPE_BEGIN|[8]|secondText|String|false|false
22:43:49.0 (3412175)|VARIABLE_ASSIGNMENT|[8]|secondText|"Apex"
22:43:49.0 (3415060)|STATEMENT_EXECUTE|[10]
22:43:49.0 (3432068)|HEAP_ALLOCATE|[10]|Bytes:15
22:43:49.0 (3452050)|SYSTEM_MODE_EXIT|false
22:43:49.3 (3479181)|CUMULATIVE_LIMIT_USAGE
22:43:49.3 (3479181)|LIMIT_USAGE_FOR_NS|(default)|
  Number of SOQL queries: 0 out of 100
  Number of query rows: 0 out of 50000
  Number of SOSL queries: 0 out of 20
  Number of DML statements: 0 out of 150
  Number of DML rows: 0 out of 10000
  Maximum CPU time: 0 out of 10000
  Maximum heap size: 0 out of 6000000
  Number of callouts: 0 out of 100
  Number of Email Invocations: 0 out of 10
  Number of future calls: 0 out of 50
  Number of queueable jobs added to the queue: 0 out of 50
  Number of Mobile Apex push calls: 0 out of 10

22:43:49.3 (3479181)|CUMULATIVE_LIMIT_USAGE_END

22:43:49.0 (3518234)|CODE_UNIT_FINISHED|ActiveAccountsApex.getData
