39.0 APEX_CODE,FINEST;APEX_PROFILING,INFO;CALLOUT,INFO;DB,INFO;SYSTEM,DEBUG;VALIDATION,INFO;VISUALFORCE,INFO;WAVE,INFO;WORKFLOW,INFO
21:25:43.0 (357519)|USER_INFO|[EXTERNAL]|00541000002GUQU|jefflombardjr+udemy2@gmail.com|Pacific Standard Time|GMT-08:00
21:25:43.0 (393041)|EXECUTION_STARTED
21:25:43.0 (399001)|CODE_UNIT_STARTED|[EXTERNAL]|aura
21:25:43.0 (758897)|HEAP_ALLOCATE|[72]|Bytes:3
21:25:43.0 (849197)|HEAP_ALLOCATE|[77]|Bytes:152
21:25:43.0 (877849)|HEAP_ALLOCATE|[342]|Bytes:408
21:25:43.0 (912330)|HEAP_ALLOCATE|[355]|Bytes:408
21:25:43.0 (936237)|HEAP_ALLOCATE|[467]|Bytes:48
21:25:43.0 (965217)|HEAP_ALLOCATE|[139]|Bytes:6
21:25:43.0 (990407)|HEAP_ALLOCATE|[EXTERNAL]|Bytes:4
21:25:43.0 (1017624)|HEAP_ALLOCATE|[EXTERNAL]|Bytes:4
21:25:43.0 (2291050)|CODE_UNIT_STARTED|[EXTERNAL]|01p4100000Hcrcj|getAccounts.getData
21:25:43.0 (2957644)|HEAP_ALLOCATE|[EXTERNAL]|Bytes:3
21:25:43.0 (2972870)|METHOD_ENTRY|[1]|01p4100000Hcrcj|getAccounts.getAccounts()
21:25:43.0 (2977531)|STATEMENT_EXECUTE|[1]
21:25:43.0 (2984198)|STATEMENT_EXECUTE|[1]
21:25:43.0 (3019230)|HEAP_ALLOCATE|[50]|Bytes:5
21:25:43.0 (3045094)|HEAP_ALLOCATE|[56]|Bytes:5
21:25:43.0 (3054538)|HEAP_ALLOCATE|[64]|Bytes:7
21:25:43.0 (3072373)|SYSTEM_MODE_ENTER|false
21:25:43.0 (3243539)|HEAP_ALLOCATE|[EXTERNAL]|Bytes:5
21:25:43.0 (3250717)|SYSTEM_MODE_EXIT|false
21:25:43.0 (3258810)|METHOD_EXIT|[1]|getAccounts
21:25:43.0 (3263444)|HEAP_ALLOCATE|[EXTERNAL]|Bytes:4
21:25:43.0 (3269699)|SYSTEM_MODE_ENTER|false
21:25:43.0 (3277847)|VARIABLE_SCOPE_BEGIN|[7]|test|String|false|false
21:25:43.0 (3405771)|VARIABLE_ASSIGNMENT|[7]|test|"test"
21:25:43.0 (3418442)|HEAP_ALLOCATE|[8]|Bytes:5
21:25:43.0 (3432697)|STATEMENT_EXECUTE|[7]
21:25:43.0 (3435498)|STATEMENT_EXECUTE|[8]
21:25:43.0 (3445600)|SYSTEM_MODE_EXIT|false
21:25:43.3 (3472793)|CUMULATIVE_LIMIT_USAGE
21:25:43.3 (3472793)|LIMIT_USAGE_FOR_NS|(default)|
  Number of SOQL queries: 0 out of 100
  Number of query rows: 0 out of 50000
  Number of SOSL queries: 0 out of 20
  Number of DML statements: 0 out of 150
  Number of DML rows: 0 out of 10000
  Maximum CPU time: 0 out of 10000
  Maximum heap size: 0 out of 6000000
  Number of callouts: 0 out of 100
  Number of Email Invocations: 0 out of 10
  Number of future calls: 0 out of 50
  Number of queueable jobs added to the queue: 0 out of 50
  Number of Mobile Apex push calls: 0 out of 10

21:25:43.3 (3472793)|CUMULATIVE_LIMIT_USAGE_END

21:25:43.0 (3518937)|CODE_UNIT_FINISHED|getAccounts.getData
